app/build/outputs/mapping/release/seeds.txt
com.dianguard.app.BootCompletedReceiver
com.dianguard.app.EewService$startWakeLockRefresh$1
com.dianguard.app.HistoryFragment
com.dianguard.app.Eew
com.dianguard.app.AppConfig
com.dianguard.app.R$string
com.dianguard.app.HomeFragment$fetchLocationOnOpen$1
com.dianguard.app.R$drawable
com.dianguard.app.R$color
com.dianguard.app.BackupSource$Companion
com.dianguard.app.databinding.ActivityGuideBinding
com.dianguard.app.BackupSource$start$1
com.dianguard.app.HttpClient
com.dianguard.app.HomeFragment$statusReceiver$1
com.dianguard.app.AppUpdateChecker
com.dianguard.app.EewService$Companion
com.dianguard.app.SettingsFragment
com.dianguard.app.databinding.FragmentSettingsBinding
com.dianguard.app.HomeFragment$startSourceTick$1
com.dianguard.app.QuakeHistory$saveLocked$$inlined$sortedByDescending$1
com.dianguard.app.AlertActivity$refreshReceiver$1
com.dianguard.app.AppUpdater$computeSha256$2
com.dianguard.app.HomeFragment$SourceRow
com.dianguard.app.R$layout
com.dianguard.app.TestAlarmActivity
com.dianguard.app.EewConnectionManager$makeListener$1$onClosed$1
com.dianguard.app.R$style
com.dianguard.app.EewKt
com.dianguard.app.LocationHelper
com.dianguard.app.EewConnectionManager$makeListener$1
com.dianguard.app.HomeFragment
com.dianguard.app.MainActivity$Companion
com.dianguard.app.SettingsFragment$fetchCurrentLocation$1
com.dianguard.app.databinding.ActivityMainBinding
com.dianguard.app.AlertActivity$startCountdown$1
com.dianguard.app.LocationHelper$fetchLocation$listener$1
com.dianguard.app.databinding.FragmentHistoryBinding
com.dianguard.app.EewAlertManager$startBackupSource$bs$1
com.dianguard.app.HttpClient$instance$2
com.dianguard.app.EewAlertManager$handleRaw$1
com.dianguard.app.EewVoice$AudioType
com.dianguard.app.LocationHelper$LocationResult
com.dianguard.app.HistoryFragment$autoFetchHistory$1
com.dianguard.app.EewConnectionManager$connectivityManager$2
com.dianguard.app.SettingsFragment$setupThemeSpinner$1
com.dianguard.app.databinding.SourceRowBinding
com.dianguard.app.HomeFragment$freshnessReceiver$1
com.dianguard.app.EewConnectionManager
com.dianguard.app.SelfCheck$showDialog$lines$1
com.dianguard.app.databinding.ActivityAlertBinding
com.dianguard.app.AlertActivity
com.dianguard.app.AlertActivity$WhenMappings
com.dianguard.app.databinding.ActivityDisclaimerBinding
com.dianguard.app.databinding.ActivityTestAlarmBinding
com.dianguard.app.EewAlertManager$startBackupSource$bs$2
com.dianguard.app.EewVoice
com.dianguard.app.MainActivity
com.dianguard.app.ThemeManager
com.dianguard.app.BuildConfig
com.dianguard.app.GuideActivity
com.dianguard.app.EewConnectionManager$makeListener$1$onOpen$1
com.dianguard.app.AppUpdater$downloadAndInstall$alive$1
com.dianguard.app.EewService$startLocationRefresh$1
com.dianguard.app.databinding.HistoryItemBinding
com.dianguard.app.R$array
com.dianguard.app.EewAlertManager
com.dianguard.app.SelfCheck
com.dianguard.app.SourceUiState
com.dianguard.app.AppUpdater$downloadAndInstall$safeDismiss$1
com.dianguard.app.CheckItem
com.dianguard.app.R$mipmap
com.dianguard.app.UpdateInfo
com.dianguard.app.SettingsFragment$checkUpdate$1
com.dianguard.app.HistoryFetcher
com.dianguard.app.AlertActivity$onCreate$2
com.dianguard.app.QuakeHistory$loadLocked$$inlined$sortByDescending$1
com.dianguard.app.WarningLevel
com.dianguard.app.databinding.FragmentHomeBinding
com.dianguard.app.EewConnectionManager$makeListener$1$onFailure$1
com.dianguard.app.QuakeRecord
com.dianguard.app.BackupSource
com.dianguard.app.R$xml
com.dianguard.app.R$id
com.dianguard.app.EewService$alertDismissedReceiver$1
com.dianguard.app.R
com.dianguard.app.AppUpdater
com.dianguard.app.MainActivity$maybeCheckUpdate$1
com.dianguard.app.EewService$startDedupCleanup$1
com.dianguard.app.EewKt$WhenMappings
com.dianguard.app.SettingsFragment$setupIntensitySpinner$1
com.dianguard.app.QuakeHistory
com.dianguard.app.EewService
com.dianguard.app.EewConnectionManager$networkCallback$1
com.dianguard.app.EewService$startFreshnessMonitor$1
...
androidx.core.view.ViewCompat$Api21Impl: android.content.res.ColorStateList getBackgroundTintList(android.view.View)
androidx.appcompat.widget.Toolbar: void setCollapseIcon(int)
com.google.android.material.textfield.TextInputLayout: void setHintTextColor(android.content.res.ColorStateList)
androidx.appcompat.widget.AppCompatTextView: void setTextClassifier(android.view.textclassifier.TextClassifier)
androidx.fragment.app.Fragment: void startActivity(android.content.Intent)
com.google.android.material.button.MaterialButton: void setRippleColor(android.content.res.ColorStateList)
androidx.core.graphics.drawable.DrawableCompat$Api23Impl: int getLayoutDirection(android.graphics.drawable.Drawable)
androidx.recyclerview.widget.RecyclerView: void setPreserveFocusAfterLayout(boolean)
com.google.android.material.textfield.TextInputLayout: void setStartIconDrawable(android.graphics.drawable.Drawable)
androidx.transition.ViewGroupUtils$Api29Impl: int getChildDrawingOrder(android.view.ViewGroup,int)
androidx.core.view.ViewCompat$Api26Impl: boolean hasExplicitFocusable(android.view.View)
androidx.appcompat.app.AppCompatActivity: boolean onMenuOpened(int,android.view.Menu)
androidx.core.graphics.drawable.DrawableCompat$Api21Impl: void setTint(android.graphics.drawable.Drawable,int)
com.google.android.material.internal.NavigationMenuItemView: void setHorizontalPadding(int)
androidx.appcompat.widget.ActionMenuView: void setExpandedActionViewsExclusive(boolean)
androidx.core.app.NotificationCompatBuilder$Api24Impl: android.app.Notification$Action$Builder setAllowGeneratedReplies(android.app.Notification$Action$Builder,boolean)
androidx.fragment.app.Fragment: void onLowMemory()
androidx.appcompat.widget.ActionBarContextView: int getAnimatedVisibility()
androidx.core.view.ViewCompat$Api29Impl: android.view.View$AccessibilityDelegate getAccessibilityDelegate(android.view.View)
okhttp3.WebSocketListener: void onMessage(okhttp3.WebSocket,okio.ByteString)
com.google.android.material.button.MaterialButton: void setRippleColorResource(int)
androidx.appcompat.widget.LinearLayoutCompat: int getVirtualChildCount()
androidx.core.widget.PopupWindowCompat$Api23Impl: void setOverlapAnchor(android.widget.PopupWindow,boolean)
androidx.transition.ViewUtilsApi23$Api29Impl: void setTransitionVisibility(android.view.View,int)
androidx.constraintlayout.helper.widget.Flow: void setLastVerticalStyle(int)
com.google.android.material.snackbar.BaseTransientBottomBar$SnackbarBaseLayout: int getMaxWidth()
com.google.android.material.chip.Chip: void setChipIconTintResource(int)
com.google.android.material.chip.Chip: void setIconStartPadding(float)
androidx.constraintlayout.widget.ConstraintHelper: int[] getReferencedIds()
androidx.fragment.app.Fragment: java.lang.String toString()
androidx.core.graphics.drawable.IconCompatParcelizer: IconCompatParcelizer()
androidx.core.view.WindowInsetsCompat$Impl20: void copyRootViewBounds(android.view.View)
androidx.core.app.NotificationCompatBuilder$Api29Impl: android.app.Notification$Action$Builder setContextual(android.app.Notification$Action$Builder,boolean)
androidx.core.view.MenuItemCompat$Api26Impl: android.view.MenuItem setIconTintMode(android.view.MenuItem,android.graphics.PorterDuff$Mode)
androidx.core.app.ComponentActivity: boolean superDispatchKeyEvent(android.view.KeyEvent)
androidx.core.view.ViewCompat$Api21Impl: float getTranslationZ(android.view.View)
androidx.activity.OnBackPressedDispatcher$Api33Impl: android.window.OnBackInvokedCallback createOnBackInvokedCallback(kotlin.jvm.functions.Function0)
androidx.fragment.app.Fragment: void performPrimaryNavigationFragmentChanged()
androidx.core.view.WindowInsetsCompat$Impl20: androidx.core.graphics.Insets getInsets(int,boolean)
androidx.appcompat.app.AppCompatActivity: android.view.MenuInflater getMenuInflater()
androidx.fragment.app.Fragment: androidx.lifecycle.Lifecycle getLifecycle()
androidx.core.view.WindowInsetsCompat$Impl: androidx.core.graphics.Insets getInsets(int)