app/build/outputs/mapping/release/mapping.txt
# compiler: R8
# compiler_version: 8.5.35
# min_api: 21
# common_typos_disable
# {"id":"com.android.tools.r8.mapping","version":"2.2"}
# pg_map_id: 30e5bc5
# pg_map_hash: SHA-256 30e5bc5bd0574a8417af4606b918251b28d8f921683350fe2d76219b3222f825
com.dianguard.app.AlertActivity -> com.dianguard.app.AlertActivity:
# {"id":"sourceFile","fileName":"AlertActivity.kt"}
    1:1:void $r8$lambda$K6mUwegysMmGIcZfcnZ5sXzZ7_Q(com.dianguard.app.AlertActivity,android.view.View):0:0 -> e
      # {"id":"com.android.tools.r8.synthesized"}
    33:35:void kotlin.NoWhenBranchMatchedException.<init>():0:0 -> levelColor
    33:35:int levelColor(com.dianguard.app.WarningLevel):0 -> levelColor
    36:53:int levelColor(com.dianguard.app.WarningLevel):0:0 -> levelColor
    21:62:void startCountdown(double):0:0 -> startCountdown
com.dianguard.app.AlertActivity$$ExternalSyntheticApiModelOutline2 -> com.dianguard.app.a:
# {"id":"sourceFile","fileName":"R8$$SyntheticClass"}
# {"id":"com.android.tools.r8.synthesized"}
    1:1:void m(com.dianguard.app.AlertActivity):0:0 -> a
      # {"id":"com.android.tools.r8.synthesized"}
    1:1:void m$1(com.dianguard.app.AlertActivity):0:0 -> b
      # {"id":"com.android.tools.r8.synthesized"}
com.dianguard.app.AlertActivity$WhenMappings -> com.dianguard.app.AlertActivity$WhenMappings:
# {"id":"sourceFile","fileName":"AlertActivity.kt"}
com.dianguard.app.AlertActivity$onCreate$2 -> com.dianguard.app.AlertActivity$onCreate$2:
# {"id":"sourceFile","fileName":"AlertActivity.kt"}
com.dianguard.app.AlertActivity$refreshReceiver$1 -> com.dianguard.app.AlertActivity$refreshReceiver$1:
# {"id":"sourceFile","fileName":"AlertActivity.kt"}
com.dianguard.app.AlertActivity$startCountdown$1 -> com.dianguard.app.AlertActivity$startCountdown$1:
# {"id":"sourceFile","fileName":"AlertActivity.kt"}
com.dianguard.app.AppConfig -> com.dianguard.app.AppConfig:
# {"id":"sourceFile","fileName":"AppConfig.kt"}
com.dianguard.app.AppConfigKt -> com.dianguard.app.AppConfigKt:
# {"id":"sourceFile","fileName":"AppConfig.kt"}
com.dianguard.app.AppUpdateChecker -> com.dianguard.app.AppUpdateChecker:
# {"id":"sourceFile","fileName":"AppUpdateChecker.kt"}
    1:1:void $r8$lambda$rCJQ-fgFwmrnzvg12zYl8db9c1I(U0.Function1):0:0 -> a
      # {"id":"com.android.tools.r8.synthesized"}
      # {"id":"com.android.tools.r8.residualsignature","signature":"(LU0/l;)V"}
    1:25:void check(android.content.Context,kotlin.jvm.functions.Function1):0:0 -> check
      # {"id":"com.android.tools.r8.residualsignature","signature":"(Landroid/content/Context;LU0/l;)V"}
    45:50:okhttp3.Call okhttp3.OkHttpClient.newCall(okhttp3.Request):0:0 -> check$lambda$1
    45:50:void check$lambda$1(kotlin.jvm.functions.Function1):0 -> check$lambda$1
      # {"id":"com.android.tools.r8.residualsignature","signature":"(LU0/l;)V"}
    51:61:void check$lambda$1(kotlin.jvm.functions.Function1):0:0 -> check$lambda$1
    62:63:int okhttp3.Response.code():0:0 -> check$lambda$1
    62:63:void check$lambda$1(kotlin.jvm.functions.Function1):0 -> check$lambda$1
    64:109:void check$lambda$1(kotlin.jvm.functions.Function1):0:0 -> check$lambda$1
    110:111:okhttp3.ResponseBody okhttp3.Response.body():0:0 -> check$lambda$1
    110:111:void check$lambda$1(kotlin.jvm.functions.Function1):0 -> check$lambda$1
    112:346:void check$lambda$1(kotlin.jvm.functions.Function1):0:0 -> check$lambda$1
    80:143:java.lang.Long kotlin.text.StringsKt__StringNumberConversionsKt.toLongOrNull(java.lang.String,int):0:0 -> parseVersion
...
androidx.profileinstaller.ProfileInstallerInitializer$Choreographer16Impl$$ExternalSyntheticLambda0 -> b0.h:
# {"id":"sourceFile","fileName":"R8$$SyntheticClass"}
# {"id":"com.android.tools.r8.synthesized"}
    java.lang.Runnable androidx.profileinstaller.ProfileInstallerInitializer$Choreographer16Impl$$InternalSyntheticLambda$2$71ef92f351ebd8c9ccb11dab5c5d377732fb4dcb89c1303de7a3fdc1b60643ad$0.f$0 -> a
      # {"id":"com.android.tools.r8.synthesized"}
    1:1:void b0.ProfileInstallerInitializer$Choreographer16Impl$$ExternalSyntheticLambda0.<init>(java.lang.Runnable):0:0 -> <init>
      # {"id":"com.android.tools.r8.synthesized"}
    1:6:void androidx.profileinstaller.ProfileInstallerInitializer$Choreographer16Impl.lambda$postFrameCallback$0(java.lang.Runnable,long):0:0 -> doFrame
      # {"id":"com.android.tools.r8.residualsignature","signature":"(J)V"}
androidx.profileinstaller.ProfileInstallerInitializer$Handler28Impl -> b0.j:
# {"id":"sourceFile","fileName":"ProfileInstallerInitializer.java"}
    1:5:android.os.Handler createAsync(android.os.Looper):0:0 -> a
androidx.profileinstaller.ProfileVerifier -> b0.m:
# {"id":"sourceFile","fileName":"ProfileVerifier.java"}
    androidx.concurrent.futures.ResolvableFuture sFuture -> a
      # {"id":"com.android.tools.r8.residualsignature","signature":"Lp/h;"}
    java.lang.Object SYNC_OBJ -> b
    androidx.profileinstaller.ProfileVerifier$CompilationStatus sCompilationStatus -> c
      # {"id":"com.android.tools.r8.residualsignature","signature":"LF0/e;"}
    1:2:androidx.concurrent.futures.ResolvableFuture androidx.concurrent.futures.ResolvableFuture.create():0:0 -> <clinit>
    1:2:void <clinit>():0 -> <clinit>
    3:5:void androidx.concurrent.futures.AbstractResolvableFuture.<init>():0:0 -> <clinit>
    3:5:void androidx.concurrent.futures.ResolvableFuture.<init>():0 -> <clinit>
    3:5:androidx.concurrent.futures.ResolvableFuture androidx.concurrent.futures.ResolvableFuture.create():0 -> <clinit>
    3:5:void <clinit>():0 -> <clinit>
    6:18:void <clinit>():0:0 -> <clinit>
    1:31:long getPackageLastUpdateTime(android.content.Context):0:0 -> a
    5:7:void androidx.profileinstaller.ProfileVerifier$CompilationStatus.<init>(int,boolean,boolean):0:0 -> b
    5:7:androidx.profileinstaller.ProfileVerifier$CompilationStatus setCompilationStatus(int,boolean,boolean):0 -> b
      # {"id":"com.android.tools.r8.residualsignature","signature":"()LF0/e;"}
    8:14:androidx.profileinstaller.ProfileVerifier$CompilationStatus setCompilationStatus(int,boolean,boolean):0:0 -> b
androidx.profileinstaller.ProfileVerifier$Api33Impl -> b0.k:
# {"id":"sourceFile","fileName":"ProfileVerifier.java"}
    1:15:android.content.pm.PackageInfo getPackageInfo(android.content.pm.PackageManager,android.content.Context):0:0 -> a
androidx.profileinstaller.ProfileVerifier$Cache -> b0.l:
# {"id":"sourceFile","fileName":"ProfileVerifier.java"}
    int mSchema -> a
    int mResultCode -> b
    long mPackageLastUpdateTime -> c
    long mInstalledCurrentProfileSize -> d
    1:12:void <init>(int,int,long,long):0:0 -> <init>
    1:46:androidx.profileinstaller.ProfileVerifier$Cache readFromFile(java.io.File):0:0 -> a
      # {"id":"com.android.tools.r8.residualsignature","signature":"(Ljava/io/File;)Lb0/l;"}
    1:47:void writeOnFile(java.io.File):0:0 -> b
    8:46:boolean equals(java.lang.Object):0:0 -> equals
    1:44:int hashCode():0:0 -> hashCode
androidx.profileinstaller.WritableFileSection -> b0.n:
# {"id":"sourceFile","fileName":"WritableFileSection.java"}
    androidx.profileinstaller.FileSectionType mType -> a
      # {"id":"com.android.tools.r8.residualsignature","signature":"I"}
    byte[] mContents -> b
    boolean mNeedsCompression -> c
    1:10:void <init>(androidx.profileinstaller.FileSectionType,int,byte[],boolean):0:0 -> <init>
      # {"id":"com.android.tools.r8.residualsignature","signature":"(I[BZ)V"}