app/build/outputs/mapping/release/usage.txt
com.dianguard.app.CheckItem$$InternalSyntheticBackport$1$0fc4de479d5101914af3494d5e88cc33dd11947620a3a244aaef808ff664964f$0
com.dianguard.app.Eew$$InternalSyntheticBackport$1$3b31997217b2edefc76c4e7bda03be9875c79ca300949d6e7e4c59b5da94eef6$0
com.dianguard.app.Eew$$InternalSyntheticBackport$1$3b31997217b2edefc76c4e7bda03be9875c79ca300949d6e7e4c59b5da94eef6$1
com.dianguard.app.Eew$$InternalSyntheticBackport$1$3b31997217b2edefc76c4e7bda03be9875c79ca300949d6e7e4c59b5da94eef6$2
com.dianguard.app.Eew$$InternalSyntheticBackport$1$3b31997217b2edefc76c4e7bda03be9875c79ca300949d6e7e4c59b5da94eef6$3
com.dianguard.app.QuakeRecord$$InternalSyntheticBackport$1$e4f20b759ee5b1b72f3f6fe75e7f3c28954aa2894d407ebf7fbd0ecb325b4e52$0
com.dianguard.app.QuakeRecord$$InternalSyntheticBackport$1$e4f20b759ee5b1b72f3f6fe75e7f3c28954aa2894d407ebf7fbd0ecb325b4e52$1
com.dianguard.app.QuakeRecord$$InternalSyntheticBackport$1$e4f20b759ee5b1b72f3f6fe75e7f3c28954aa2894d407ebf7fbd0ecb325b4e52$2
com.dianguard.app.QuakeRecord$$InternalSyntheticBackport$1$e4f20b759ee5b1b72f3f6fe75e7f3c28954aa2894d407ebf7fbd0ecb325b4e52$3
com.dianguard.app.QuakeRecord$$InternalSyntheticBackport$1$e4f20b759ee5b1b72f3f6fe75e7f3c28954aa2894d407ebf7fbd0ecb325b4e52$4
com.dianguard.app.QuakeRecord$$InternalSyntheticBackport$1$e4f20b759ee5b1b72f3f6fe75e7f3c28954aa2894d407ebf7fbd0ecb325b4e52$5
com.dianguard.app.QuakeRecord$$InternalSyntheticBackport$1$e4f20b759ee5b1b72f3f6fe75e7f3c28954aa2894d407ebf7fbd0ecb325b4e52$6
com.dianguard.app.SourceUiState$$InternalSyntheticBackport$1$c4e02244b38e1e4e7a49593bcb9c61d6f2af51a7c4109e26b216ecc98c6fbc36$0
com.dianguard.app.SourceUiState$$InternalSyntheticBackport$1$c4e02244b38e1e4e7a49593bcb9c61d6f2af51a7c4109e26b216ecc98c6fbc36$1
com.dianguard.app.SourceUiState$$InternalSyntheticBackport$1$c4e02244b38e1e4e7a49593bcb9c61d6f2af51a7c4109e26b216ecc98c6fbc36$2
com.dianguard.app.UpdateInfo$$InternalSyntheticBackport$1$1d3a908a7c845d29555291b3c911328e43fc1d5b7f1abcb8307bc337d2d39021$0
...
androidx.core.util.PatternsCompat
androidx.core.util.Pools
androidx.core.util.Preconditions:
    private void <init>()
    public static varargs void checkArgument(boolean,java.lang.String,java.lang.Object[])
    public static float checkArgumentFinite(float,java.lang.String)
    public static double checkArgumentInRange(double,double,double,java.lang.String)
    public static float checkArgumentInRange(float,float,float,java.lang.String)
    public static long checkArgumentInRange(long,long,long,java.lang.String)
    public static void checkState(boolean)
    public static java.lang.CharSequence checkStringNotEmpty(java.lang.CharSequence)
    public static java.lang.CharSequence checkStringNotEmpty(java.lang.CharSequence,java.lang.Object)
    public static varargs java.lang.CharSequence checkStringNotEmpty(java.lang.CharSequence,java.lang.String,java.lang.Object[])
androidx.core.util.Predicate
androidx.core.util.RangeKt$toClosedRange$1
androidx.core.util.RangeKt
androidx.core.util.RunnableKt
androidx.core.util.SizeFCompat$Api21Impl
androidx.core.util.SizeFCompat
androidx.core.util.SizeKt
androidx.core.util.SparseArrayKt$keyIterator$1
androidx.core.util.SparseArrayKt$valueIterator$1
androidx.core.util.SparseArrayKt
androidx.core.util.SparseBooleanArrayKt$keyIterator$1
androidx.core.util.SparseBooleanArrayKt$valueIterator$1
androidx.core.util.SparseBooleanArrayKt
androidx.core.util.SparseIntArrayKt$keyIterator$1
androidx.core.util.SparseIntArrayKt$valueIterator$1
androidx.core.util.SparseIntArrayKt
androidx.core.util.SparseLongArrayKt$keyIterator$1
androidx.core.util.SparseLongArrayKt$valueIterator$1
androidx.core.util.SparseLongArrayKt
androidx.core.util.TimeUtils
androidx.core.util.TypedValueCompat$Api34Impl
androidx.core.util.TypedValueCompat$ComplexDimensionUnit
androidx.core.util.TypedValueCompat:
    private static final float INCHES_PER_MM
    private static final float INCHES_PER_PT
    private void <init>()
    public static float deriveDimension(int,float,android.util.DisplayMetrics)
    public static float dpToPx(float,android.util.DisplayMetrics)
    public static float pxToDp(float,android.util.DisplayMetrics)
    public static float pxToSp(float,android.util.DisplayMetrics)
    public static float spToPx(float,android.util.DisplayMetrics)
androidx.core.view.ActionProvider$SubUiVisibilityListener:
    public abstract void onSubUiVisibilityChanged(boolean)
androidx.core.view.ActionProvider:
    private static final java.lang.String TAG
    public android.content.Context getContext()
    public abstract android.view.View onCreateActionView()
    public void refreshVisibility()
    public void subUiVisibilityChanged(boolean)
androidx.core.view.ContentInfoCompat$Api31Impl
androidx.core.view.ContentInfoCompat$Builder:
    public void <init>(androidx.core.view.ContentInfoCompat)
    public androidx.core.view.ContentInfoCompat$Builder setClip(android.content.ClipData)
    public androidx.core.view.ContentInfoCompat$Builder setSource(int)
androidx.core.view.ContentInfoCompat$BuilderCompat31Impl:
    void <init>(androidx.core.view.ContentInfoCompat)
    public void setClip(android.content.ClipData)
    public void setSource(int)
androidx.core.view.ContentInfoCompat$BuilderCompat:
    public abstract void setClip(android.content.ClipData)
    public abstract void setSource(int)
androidx.core.view.ContentInfoCompat$BuilderCompatImpl:
    void <init>(androidx.core.view.ContentInfoCompat)
    public void setClip(android.content.ClipData)
    public void setSource(int)
androidx.core.view.ContentInfoCompat$Compat31Impl:
    public android.os.Bundle getExtras()
    public android.net.Uri getLinkUri()
androidx.core.view.ContentInfoCompat$Compat:
    public abstract android.os.Bundle getExtras()
    public abstract android.net.Uri getLinkUri()
androidx.core.view.ContentInfoCompat$CompatImpl:
    public android.os.Bundle getExtras()
    public android.net.Uri getLinkUri()
androidx.core.view.ContentInfoCompat$Flags